{"/Users/khuedo/Documents/GitHub/FuelPredictionApp/server/src/fuelQuote/fuelController.js": {"path":"/Users/khuedo/Documents/GitHub/FuelPredictionApp/server/src/fuelQuote/fuelController.js","statementMap":{"0":{"start":{"line":3,"column":32},"end":{"line":6,"column":1}},"1":{"start":{"line":4,"column":17},"end":{"line":4,"column":68}},"2":{"start":{"line":5,"column":2},"end":{"line":5,"column":17}}},"fnMap":{"0":{"name":"(anonymous_0)","decl":{"start":{"line":3,"column":32},"end":{"line":3,"column":33}},"loc":{"start":{"line":3,"column":52},"end":{"line":6,"column":1}},"line":3}},"branchMap":{},"s":{"0":1,"1":1,"2":1},"f":{"0":1},"b":{},"_coverageSchema":"1a1c01bbd47fc00a2c39e90264f33305004495a9","hash":"a2c90b2fef475edeef90f4f5f0c3905c9f6152a5"}
,"/Users/khuedo/Documents/GitHub/FuelPredictionApp/server/src/users/registration.js": {"path":"/Users/khuedo/Documents/GitHub/FuelPredictionApp/server/src/users/registration.js","statementMap":{"0":{"start":{"line":2,"column":21},"end":{"line":2,"column":44}},"1":{"start":{"line":4,"column":28},"end":{"line":23,"column":1}},"2":{"start":{"line":5,"column":13},"end":{"line":10,"column":4}},"3":{"start":{"line":11,"column":19},"end":{"line":11,"column":36}},"4":{"start":{"line":12,"column":19},"end":{"line":12,"column":36}},"5":{"start":{"line":13,"column":13},"end":{"line":13,"column":38}},"6":{"start":{"line":14,"column":2},"end":{"line":20,"column":4}},"7":{"start":{"line":18,"column":6},"end":{"line":18,"column":23}},"8":{"start":{"line":21,"column":2},"end":{"line":21,"column":18}},"9":{"start":{"line":22,"column":2},"end":{"line":22,"column":22}}},"fnMap":{"0":{"name":"(anonymous_0)","decl":{"start":{"line":4,"column":28},"end":{"line":4,"column":29}},"loc":{"start":{"line":4,"column":42},"end":{"line":23,"column":1}},"line":4},"1":{"name":"(anonymous_1)","decl":{"start":{"line":17,"column":4},"end":{"line":17,"column":5}},"loc":{"start":{"line":17,"column":13},"end":{"line":19,"column":5}},"line":17}},"branchMap":{},"s":{"0":1,"1":1,"2":2,"3":2,"4":2,"5":2,"6":2,"7":1,"8":2,"9":2},"f":{"0":2,"1":1},"b":{},"_coverageSchema":"1a1c01bbd47fc00a2c39e90264f33305004495a9","hash":"0b1f298a952a7289bee3fb035b1ff8420c362441"}
}
